Pig Stack Trace
---------------
ERROR 6000: 
<file Partie-I/test.pig, line 13, column 0> Output Location Validation Failed for: 'hdfs://localhost:9000/liondata/liste_voitures.csv More info to follow:
Output directory hdfs://localhost:9000/liondata/liste_voitures.csv already exists

org.apache.pig.impl.plan.VisitorException: ERROR 6000: 
<file Partie-I/test.pig, line 13, column 0> Output Location Validation Failed for: 'hdfs://localhost:9000/liondata/liste_voitures.csv More info to follow:
Output directory hdfs://localhost:9000/liondata/liste_voitures.csv already exists
	at org.apache.pig.newplan.logical.visitor.InputOutputFileValidatorVisitor.visit(InputOutputFileValidatorVisitor.java:95)
	at org.apache.pig.newplan.logical.relational.LOStore.accept(LOStore.java:66)
	at org.apache.pig.newplan.DepthFirstWalker.depthFirst(DepthFirstWalker.java:64)
	at org.apache.pig.newplan.DepthFirstWalker.depthFirst(DepthFirstWalker.java:66)
	at org.apache.pig.newplan.DepthFirstWalker.depthFirst(DepthFirstWalker.java:66)
	at org.apache.pig.newplan.DepthFirstWalker.walk(DepthFirstWalker.java:53)
	at org.apache.pig.newplan.PlanVisitor.visit(PlanVisitor.java:52)
	at org.apache.pig.newplan.logical.relational.LogicalPlan.validate(LogicalPlan.java:212)
	at org.apache.pig.PigServer$Graph.compile(PigServer.java:1767)
	at org.apache.pig.PigServer$Graph.access$300(PigServer.java:1443)
	at org.apache.pig.PigServer.execute(PigServer.java:1356)
	at org.apache.pig.PigServer.executeBatch(PigServer.java:415)
	at org.apache.pig.PigServer.executeBatch(PigServer.java:398)
	at org.apache.pig.tools.grunt.GruntParser.executeBatch(GruntParser.java:171)
	at org.apache.pig.tools.grunt.GruntParser.processDump(GruntParser.java:749)
	at org.apache.pig.tools.pigscript.parser.PigScriptParser.parse(PigScriptParser.java:376)
	at org.apache.pig.tools.grunt.GruntParser.parseStopOnError(GruntParser.java:230)
	at org.apache.pig.tools.grunt.GruntParser.parseStopOnError(GruntParser.java:205)
	at org.apache.pig.tools.grunt.Grunt.exec(Grunt.java:81)
	at org.apache.pig.Main.run(Main.java:631)
	at org.apache.pig.Main.main(Main.java:177)
	at sun.reflect.NativeMethodAccessorImpl.invoke0(Native Method)
	at sun.reflect.NativeMethodAccessorImpl.invoke(NativeMethodAccessorImpl.java:57)
	at sun.reflect.DelegatingMethodAccessorImpl.invoke(DelegatingMethodAccessorImpl.java:43)
	at java.lang.reflect.Method.invoke(Method.java:606)
	at org.apache.hadoop.util.RunJar.main(RunJar.java:160)
Caused by: org.apache.hadoop.mapred.FileAlreadyExistsException: Output directory hdfs://localhost:9000/liondata/liste_voitures.csv already exists
	at org.apache.hadoop.mapreduce.lib.output.FileOutputFormat.checkOutputSpecs(FileOutputFormat.java:137)
	at org.apache.pig.newplan.logical.visitor.InputOutputFileValidatorVisitor.visit(InputOutputFileValidatorVisitor.java:69)
	... 25 more
================================================================================
